[24-Jan-2026 11:17:34 Africa/Nairobi] PHP Fatal error:  Uncaught TypeError: mysqli_fetch_assoc(): Argument #1 ($result) must be of type mysqli_result, array given in /opt/lampp/htdocs/gain/modules/networking.php:1184
Stack trace:
#0 /opt/lampp/htdocs/gain/modules/networking.php(1184): mysqli_fetch_assoc(Array)
#1 /opt/lampp/htdocs/gain/config/func.php(107): populateads()
#2 /opt/lampp/htdocs/gain/modules/index.php(106): fne('populateads')
#3 /opt/lampp/htdocs/gain/modules/index.php(32): authorized('populateads')
#4 /opt/lampp/htdocs/gain/index.php(61): unauthorized('populateads')
#5 {main}
  thrown in /opt/lampp/htdocs/gain/modules/networking.php on line 1184
[24-Jan-2026 12:05:29 Africa/Nairobi] PHP Fatal error:  Uncaught TypeError: mysqli_fetch_assoc(): Argument #1 ($result) must be of type mysqli_result, array given in /opt/lampp/htdocs/gain/modules/networking.php:1184
Stack trace:
#0 /opt/lampp/htdocs/gain/modules/networking.php(1184): mysqli_fetch_assoc(Array)
#1 /opt/lampp/htdocs/gain/config/func.php(107): populateads()
#2 /opt/lampp/htdocs/gain/modules/index.php(106): fne('populateads')
#3 /opt/lampp/htdocs/gain/modules/index.php(32): authorized('populateads')
#4 /opt/lampp/htdocs/gain/index.php(61): unauthorized('populateads')
#5 {main}
  thrown in /opt/lampp/htdocs/gain/modules/networking.php on line 1184
[24-Jan-2026 12:06:09 Africa/Nairobi] PHP Fatal error:  Uncaught TypeError: mysqli_fetch_assoc(): Argument #1 ($result) must be of type mysqli_result, array given in /opt/lampp/htdocs/gain/modules/networking.php:1184
Stack trace:
#0 /opt/lampp/htdocs/gain/modules/networking.php(1184): mysqli_fetch_assoc(Array)
#1 /opt/lampp/htdocs/gain/config/func.php(107): populateads()
#2 /opt/lampp/htdocs/gain/modules/index.php(106): fne('populateads')
#3 /opt/lampp/htdocs/gain/modules/index.php(32): authorized('populateads')
#4 /opt/lampp/htdocs/gain/index.php(61): unauthorized('populateads')
#5 {main}
  thrown in /opt/lampp/htdocs/gain/modules/networking.php on line 1184
[24-Jan-2026 12:06:15 Africa/Nairobi] PHP Fatal error:  Uncaught TypeError: mysqli_fetch_assoc(): Argument #1 ($result) must be of type mysqli_result, array given in /opt/lampp/htdocs/gain/modules/networking.php:1184
Stack trace:
#0 /opt/lampp/htdocs/gain/modules/networking.php(1184): mysqli_fetch_assoc(Array)
#1 /opt/lampp/htdocs/gain/config/func.php(107): populateads()
#2 /opt/lampp/htdocs/gain/modules/index.php(106): fne('populateads')
#3 /opt/lampp/htdocs/gain/modules/index.php(32): authorized('populateads')
#4 /opt/lampp/htdocs/gain/index.php(61): unauthorized('populateads')
#5 {main}
  thrown in /opt/lampp/htdocs/gain/modules/networking.php on line 1184
[24-Jan-2026 12:06:24 Africa/Nairobi] PHP Fatal error:  Uncaught TypeError: mysqli_fetch_assoc(): Argument #1 ($result) must be of type mysqli_result, array given in /opt/lampp/htdocs/gain/modules/networking.php:1184
Stack trace:
#0 /opt/lampp/htdocs/gain/modules/networking.php(1184): mysqli_fetch_assoc(Array)
#1 /opt/lampp/htdocs/gain/config/func.php(107): populateads()
#2 /opt/lampp/htdocs/gain/modules/index.php(106): fne('populateads')
#3 /opt/lampp/htdocs/gain/modules/index.php(32): authorized('populateads')
#4 /opt/lampp/htdocs/gain/index.php(61): unauthorized('populateads')
#5 {main}
  thrown in /opt/lampp/htdocs/gain/modules/networking.php on line 1184
[24-Jan-2026 12:07:12 Africa/Nairobi] PHP Fatal error:  Uncaught TypeError: mysqli_fetch_assoc(): Argument #1 ($result) must be of type mysqli_result, array given in /opt/lampp/htdocs/gain/modules/networking.php:1184
Stack trace:
#0 /opt/lampp/htdocs/gain/modules/networking.php(1184): mysqli_fetch_assoc(Array)
#1 /opt/lampp/htdocs/gain/config/func.php(107): populateads()
#2 /opt/lampp/htdocs/gain/modules/index.php(106): fne('populateads')
#3 /opt/lampp/htdocs/gain/modules/index.php(32): authorized('populateads')
#4 /opt/lampp/htdocs/gain/index.php(61): unauthorized('populateads')
#5 {main}
  thrown in /opt/lampp/htdocs/gain/modules/networking.php on line 1184
[24-Jan-2026 12:07:14 Africa/Nairobi] PHP Fatal error:  Uncaught TypeError: mysqli_fetch_assoc(): Argument #1 ($result) must be of type mysqli_result, array given in /opt/lampp/htdocs/gain/modules/networking.php:1184
Stack trace:
#0 /opt/lampp/htdocs/gain/modules/networking.php(1184): mysqli_fetch_assoc(Array)
#1 /opt/lampp/htdocs/gain/config/func.php(107): populateads()
#2 /opt/lampp/htdocs/gain/modules/index.php(106): fne('populateads')
#3 /opt/lampp/htdocs/gain/modules/index.php(32): authorized('populateads')
#4 /opt/lampp/htdocs/gain/index.php(61): unauthorized('populateads')
#5 {main}
  thrown in /opt/lampp/htdocs/gain/modules/networking.php on line 1184
[24-Jan-2026 12:07:17 Africa/Nairobi] PHP Fatal error:  Uncaught TypeError: mysqli_fetch_assoc(): Argument #1 ($result) must be of type mysqli_result, array given in /opt/lampp/htdocs/gain/modules/networking.php:1184
Stack trace:
#0 /opt/lampp/htdocs/gain/modules/networking.php(1184): mysqli_fetch_assoc(Array)
#1 /opt/lampp/htdocs/gain/config/func.php(107): populateads()
#2 /opt/lampp/htdocs/gain/modules/index.php(106): fne('populateads')
#3 /opt/lampp/htdocs/gain/modules/index.php(32): authorized('populateads')
#4 /opt/lampp/htdocs/gain/index.php(61): unauthorized('populateads')
#5 {main}
  thrown in /opt/lampp/htdocs/gain/modules/networking.php on line 1184
[24-Jan-2026 12:07:50 Africa/Nairobi] PHP Fatal error:  Uncaught TypeError: mysqli_fetch_assoc(): Argument #1 ($result) must be of type mysqli_result, array given in /opt/lampp/htdocs/gain/modules/networking.php:1184
Stack trace:
#0 /opt/lampp/htdocs/gain/modules/networking.php(1184): mysqli_fetch_assoc(Array)
#1 /opt/lampp/htdocs/gain/config/func.php(107): populateads()
#2 /opt/lampp/htdocs/gain/modules/index.php(106): fne('populateads')
#3 /opt/lampp/htdocs/gain/modules/index.php(32): authorized('populateads')
#4 /opt/lampp/htdocs/gain/index.php(61): unauthorized('populateads')
#5 {main}
  thrown in /opt/lampp/htdocs/gain/modules/networking.php on line 1184
[24-Jan-2026 12:10:29 Africa/Nairobi] PHP Fatal error:  Uncaught TypeError: mysqli_fetch_assoc(): Argument #1 ($result) must be of type mysqli_result, array given in /opt/lampp/htdocs/gain/modules/networking.php:1184
Stack trace:
#0 /opt/lampp/htdocs/gain/modules/networking.php(1184): mysqli_fetch_assoc(Array)
#1 /opt/lampp/htdocs/gain/config/func.php(107): populateads()
#2 /opt/lampp/htdocs/gain/modules/index.php(106): fne('populateads')
#3 /opt/lampp/htdocs/gain/modules/index.php(32): authorized('populateads')
#4 /opt/lampp/htdocs/gain/index.php(61): unauthorized('populateads')
#5 {main}
  thrown in /opt/lampp/htdocs/gain/modules/networking.php on line 1184
[24-Jan-2026 12:13:07 Africa/Nairobi] PHP Fatal error:  Uncaught TypeError: mysqli_fetch_assoc(): Argument #1 ($result) must be of type mysqli_result, array given in /opt/lampp/htdocs/gain/modules/networking.php:1184
Stack trace:
#0 /opt/lampp/htdocs/gain/modules/networking.php(1184): mysqli_fetch_assoc(Array)
#1 /opt/lampp/htdocs/gain/config/func.php(107): populateads()
#2 /opt/lampp/htdocs/gain/modules/index.php(106): fne('populateads')
#3 /opt/lampp/htdocs/gain/modules/index.php(32): authorized('populateads')
#4 /opt/lampp/htdocs/gain/index.php(61): unauthorized('populateads')
#5 {main}
  thrown in /opt/lampp/htdocs/gain/modules/networking.php on line 1184
[24-Jan-2026 12:13:12 Africa/Nairobi] PHP Fatal error:  Uncaught TypeError: mysqli_fetch_assoc(): Argument #1 ($result) must be of type mysqli_result, array given in /opt/lampp/htdocs/gain/modules/networking.php:1184
Stack trace:
#0 /opt/lampp/htdocs/gain/modules/networking.php(1184): mysqli_fetch_assoc(Array)
#1 /opt/lampp/htdocs/gain/config/func.php(107): populateads()
#2 /opt/lampp/htdocs/gain/modules/index.php(106): fne('populateads')
#3 /opt/lampp/htdocs/gain/modules/index.php(32): authorized('populateads')
#4 /opt/lampp/htdocs/gain/index.php(61): unauthorized('populateads')
#5 {main}
  thrown in /opt/lampp/htdocs/gain/modules/networking.php on line 1184
[24-Jan-2026 12:13:15 Africa/Nairobi] PHP Fatal error:  Uncaught TypeError: mysqli_fetch_assoc(): Argument #1 ($result) must be of type mysqli_result, array given in /opt/lampp/htdocs/gain/modules/networking.php:1184
Stack trace:
#0 /opt/lampp/htdocs/gain/modules/networking.php(1184): mysqli_fetch_assoc(Array)
#1 /opt/lampp/htdocs/gain/config/func.php(107): populateads()
#2 /opt/lampp/htdocs/gain/modules/index.php(106): fne('populateads')
#3 /opt/lampp/htdocs/gain/modules/index.php(32): authorized('populateads')
#4 /opt/lampp/htdocs/gain/index.php(61): unauthorized('populateads')
#5 {main}
  thrown in /opt/lampp/htdocs/gain/modules/networking.php on line 1184
[24-Jan-2026 12:13:25 Africa/Nairobi] PHP Fatal error:  Uncaught TypeError: mysqli_fetch_assoc(): Argument #1 ($result) must be of type mysqli_result, array given in /opt/lampp/htdocs/gain/modules/networking.php:1184
Stack trace:
#0 /opt/lampp/htdocs/gain/modules/networking.php(1184): mysqli_fetch_assoc(Array)
#1 /opt/lampp/htdocs/gain/config/func.php(107): populateads()
#2 /opt/lampp/htdocs/gain/modules/index.php(106): fne('populateads')
#3 /opt/lampp/htdocs/gain/modules/index.php(32): authorized('populateads')
#4 /opt/lampp/htdocs/gain/index.php(61): unauthorized('populateads')
#5 {main}
  thrown in /opt/lampp/htdocs/gain/modules/networking.php on line 1184
[24-Jan-2026 12:13:40 Africa/Nairobi] PHP Fatal error:  Uncaught TypeError: mysqli_fetch_assoc(): Argument #1 ($result) must be of type mysqli_result, array given in /opt/lampp/htdocs/gain/modules/networking.php:1184
Stack trace:
#0 /opt/lampp/htdocs/gain/modules/networking.php(1184): mysqli_fetch_assoc(Array)
#1 /opt/lampp/htdocs/gain/config/func.php(107): populateads()
#2 /opt/lampp/htdocs/gain/modules/index.php(106): fne('populateads')
#3 /opt/lampp/htdocs/gain/modules/index.php(32): authorized('populateads')
#4 /opt/lampp/htdocs/gain/index.php(61): unauthorized('populateads')
#5 {main}
  thrown in /opt/lampp/htdocs/gain/modules/networking.php on line 1184
[24-Jan-2026 13:23:32 Africa/Nairobi] PHP Warning:  Undefined array key "res" in /opt/lampp/htdocs/gain/config/func.php on line 1952
[24-Jan-2026 13:23:32 Africa/Nairobi] PHP Warning:  Undefined array key "query" in /opt/lampp/htdocs/gain/modules/networking.php on line 1965
[24-Jan-2026 13:23:32 Africa/Nairobi] PHP Warning:  Trying to access array offset on value of type null in /opt/lampp/htdocs/gain/modules/networking.php on line 1967
[24-Jan-2026 13:23:32 Africa/Nairobi] PHP Warning:  Trying to access array offset on value of type null in /opt/lampp/htdocs/gain/modules/networking.php on line 1968
[24-Jan-2026 13:23:32 Africa/Nairobi] PHP Warning:  Trying to access array offset on value of type null in /opt/lampp/htdocs/gain/modules/networking.php on line 1970
[24-Jan-2026 13:23:32 Africa/Nairobi] PHP Warning:  Trying to access array offset on value of type null in /opt/lampp/htdocs/gain/modules/networking.php on line 1970
[24-Jan-2026 13:23:32 Africa/Nairobi] PHP Warning:  Trying to access array offset on value of type null in /opt/lampp/htdocs/gain/modules/networking.php on line 1972
[24-Jan-2026 13:23:32 Africa/Nairobi] PHP Warning:  Trying to access array offset on value of type null in /opt/lampp/htdocs/gain/modules/networking.php on line 1972
[24-Jan-2026 13:23:32 Africa/Nairobi] PHP Warning:  Trying to access array offset on value of type null in /opt/lampp/htdocs/gain/modules/networking.php on line 1973
[24-Jan-2026 13:23:32 Africa/Nairobi] PHP Warning:  Trying to access array offset on value of type null in /opt/lampp/htdocs/gain/modules/networking.php on line 1974
[24-Jan-2026 13:23:32 Africa/Nairobi] PHP Warning:  Trying to access array offset on value of type null in /opt/lampp/htdocs/gain/modules/networking.php on line 1975
[24-Jan-2026 13:23:51 Africa/Nairobi] PHP Warning:  Undefined array key "res" in /opt/lampp/htdocs/gain/config/func.php on line 1952
[24-Jan-2026 13:23:51 Africa/Nairobi] PHP Warning:  Undefined array key "query" in /opt/lampp/htdocs/gain/modules/networking.php on line 1965
[24-Jan-2026 13:23:51 Africa/Nairobi] PHP Warning:  Trying to access array offset on value of type null in /opt/lampp/htdocs/gain/modules/networking.php on line 1967
[24-Jan-2026 13:23:51 Africa/Nairobi] PHP Warning:  Trying to access array offset on value of type null in /opt/lampp/htdocs/gain/modules/networking.php on line 1968
[24-Jan-2026 13:23:51 Africa/Nairobi] PHP Warning:  Trying to access array offset on value of type null in /opt/lampp/htdocs/gain/modules/networking.php on line 1970
[24-Jan-2026 13:23:51 Africa/Nairobi] PHP Warning:  Trying to access array offset on value of type null in /opt/lampp/htdocs/gain/modules/networking.php on line 1970
[24-Jan-2026 13:23:51 Africa/Nairobi] PHP Warning:  Trying to access array offset on value of type null in /opt/lampp/htdocs/gain/modules/networking.php on line 1972
[24-Jan-2026 13:23:51 Africa/Nairobi] PHP Warning:  Trying to access array offset on value of type null in /opt/lampp/htdocs/gain/modules/networking.php on line 1972
[24-Jan-2026 13:23:51 Africa/Nairobi] PHP Warning:  Trying to access array offset on value of type null in /opt/lampp/htdocs/gain/modules/networking.php on line 1973
[24-Jan-2026 13:23:51 Africa/Nairobi] PHP Warning:  Trying to access array offset on value of type null in /opt/lampp/htdocs/gain/modules/networking.php on line 1974
[24-Jan-2026 13:23:51 Africa/Nairobi] PHP Warning:  Trying to access array offset on value of type null in /opt/lampp/htdocs/gain/modules/networking.php on line 1975
[24-Jan-2026 13:25:52 Africa/Nairobi] PHP Warning:  Undefined array key "qry" in /opt/lampp/htdocs/gain/config/func.php on line 1953
[24-Jan-2026 13:25:52 Africa/Nairobi] PHP Fatal error:  Uncaught TypeError: mysqli_fetch_assoc(): Argument #1 ($result) must be of type mysqli_result, null given in /opt/lampp/htdocs/gain/config/func.php:1953
Stack trace:
#0 /opt/lampp/htdocs/gain/config/func.php(1953): mysqli_fetch_assoc(NULL)
#1 /opt/lampp/htdocs/gain/modules/networking.php(1965): others('01913F6061')
#2 /opt/lampp/htdocs/gain/modules/networking.php(1996): inconfirmpayforclient('Machette')
#3 /opt/lampp/htdocs/gain/config/func.php(107): confirmpayforclient()
#4 /opt/lampp/htdocs/gain/modules/index.php(106): fne('confirmpayforcl...')
#5 /opt/lampp/htdocs/gain/modules/index.php(32): authorized('confirmpayforcl...')
#6 /opt/lampp/htdocs/gain/index.php(61): unauthorized('confirmpayforcl...')
#7 {main}
  thrown in /opt/lampp/htdocs/gain/config/func.php on line 1953
